<?xml version="1.0" encoding="UTF-8"?>
<!-- Generated by org.testng.reporters.JUnitReportReporter -->
<testsuite hostname="LAPTOP-0KB8I4O1" failures="0" tests="1" name="LearnTestNG" time="6.387" errors="0" timestamp="01 May 2023 12:29:16 GMT" skipped="0">
  <testcase classname="LearnTestNG" name="homework4" time="6.387"/>
</testsuite> <!-- LearnTestNG -->
