<?xml version="1.0" encoding="UTF-8"?>
<!-- Generated by org.testng.reporters.JUnitReportReporter -->
<testsuite hostname="LAPTOP-0KB8I4O1" failures="0" tests="1" name="testCase.ReadAllProduct" time="3.924" errors="0" timestamp="2024-01-21T17:01:53 EST" skipped="0">
  <testcase classname="testCase.ReadAllProduct" name="readAllProd" time="3.924"/>
  <system-out/>
</testsuite> <!-- testCase.ReadAllProduct -->
