<?xml version="1.0" encoding="UTF-8"?>
<!-- Generated by org.testng.reporters.JUnitReportReporter -->
<testsuite hostname="LAPTOP-0KB8I4O1" failures="0" tests="1" name="testCase.getOne" time="6.433" errors="0" timestamp="2024-01-26T01:39:14 EST" skipped="0">
  <testcase classname="testCase.getOne" name="getOneIncident" time="6.433"/>
  <system-out/>
</testsuite> <!-- testCase.getOne -->
