<?xml version="1.0" encoding="UTF-8"?>
<!-- Generated by org.testng.reporters.JUnitReportReporter -->
<testsuite hostname="LAPTOP-0KB8I4O1" failures="0" tests="1" name="testCase.getAll" time="6.086" errors="0" timestamp="2024-01-22T00:16:53 EST" skipped="0">
  <testcase classname="testCase.getAll" name="getAllIncidents" time="6.086"/>
  <system-out/>
</testsuite> <!-- testCase.getAll -->
