<?xml version="1.0" encoding="UTF-8"?>
<!-- Generated by org.testng.reporters.JUnitReportReporter -->
<testsuite hostname="LAPTOP-0KB8I4O1" failures="0" tests="3" name="testCase.CreateOne" time="9.359" errors="0" timestamp="2024-02-15T23:48:36 EST" skipped="0">
  <testcase classname="testCase.CreateOne" name="createOneIncident" time="6.240"/>
  <system-out/>
  <testcase classname="testCase.CreateOne" name="getAllIncidents" time="2.303"/>
  <system-out/>
  <testcase classname="testCase.CreateOne" name="getOneIncident" time="0.816"/>
  <system-out/>
</testsuite> <!-- testCase.CreateOne -->
