<?xml version="1.0" encoding="UTF-8"?>
<!-- Generated by org.testng.reporters.JUnitReportReporter -->
<testsuite hostname="LAPTOP-0KB8I4O1" failures="0" tests="1" name="SeleniumBasics.SelConcepts.Snapshot" time="48.078" errors="0" timestamp="2024-01-06T19:36:20 EST" skipped="0">
  <testcase classname="SeleniumBasics.SelConcepts.Snapshot" name="learnSnapShot" time="48.078"/>
  <system-out/>
</testsuite> <!-- SeleniumBasics.SelConcepts.Snapshot -->
