<?xml version="1.0" encoding="UTF-8"?>
<!-- Generated by org.testng.reporters.JUnitReportReporter -->
<testsuite hostname="LAPTOP-0KB8I4O1" failures="0" tests="1" name="SeleniumBasics.SelConcepts.Alerts" time="44.946" errors="0" timestamp="2024-01-06T19:36:20 EST" skipped="0">
  <testcase classname="SeleniumBasics.SelConcepts.Alerts" name="learnAlerts" time="44.946"/>
  <system-out/>
</testsuite> <!-- SeleniumBasics.SelConcepts.Alerts -->
