<?xml version="1.0" encoding="UTF-8"?>
<!-- Generated by org.testng.reporters.JUnitReportReporter -->
<testsuite hostname="LAPTOP-0KB8I4O1" failures="0" tests="1" name="SeleniumBasics.SelConcepts.Windows" time="9.945" errors="0" timestamp="2024-01-06T14:02:24 EST" skipped="0">
  <testcase classname="SeleniumBasics.SelConcepts.Windows" name="learnNewWindow" time="9.945"/>
  <system-out/>
</testsuite> <!-- SeleniumBasics.SelConcepts.Windows -->
